18:53:11 [qtp2044272973-17] DEBUG c.e.b.c.w.ProjectsController - Find all projects
18:53:12 [qtp2044272973-17] DEBUG c.e.b.c.s.ProjectsDtoServiceRest - countOfDevelopers()
18:54:18 [qtp2044272973-17] DEBUG c.e.b.c.w.ProjectsController - Find projects between dates. Date start = 2019-11-12, Date End = 2020-05-28
18:54:18 [qtp2044272973-17] DEBUG c.e.b.c.s.ProjectsDtoServiceRest - findBetweenDates(2019-11-12, 2020-05-28})
18:54:18 [qtp2044272973-17] DEBUG c.e.b.c.w.ProjectsController - ______________________ [{projectId=3, description=Create a web application based on Hibernate, dateAdded=2020-01-17, countOfDevelopers=1}]
18:54:31 [qtp2044272973-17] DEBUG c.e.b.c.w.ProjectsController - Find all projects
18:54:31 [qtp2044272973-17] DEBUG c.e.b.c.s.ProjectsDtoServiceRest - countOfDevelopers()
18:54:37 [qtp2044272973-16] DEBUG c.e.b.c.w.DevelopersController - DCONTROLLER findAll()
18:54:37 [qtp2044272973-16] DEBUG c.e.b.c.s.DevelopersServiceRest - findAll()
18:54:44 [qtp2044272973-18] DEBUG c.e.b.c.w.ProjectsController - Find projects between dates. Date start = 2019-11-12, Date End = 2020-05-28
18:54:44 [qtp2044272973-18] DEBUG c.e.b.c.s.ProjectsDtoServiceRest - findBetweenDates(2019-11-12, 2020-05-28})
18:54:45 [qtp2044272973-18] DEBUG c.e.b.c.w.ProjectsController - ______________________ [{projectId=3, description=Create a web application based on Hibernate, dateAdded=2020-01-17, countOfDevelopers=1}]
18:54:48 [qtp2044272973-20] DEBUG c.e.b.c.w.ProjectsController - Find all projects
18:54:48 [qtp2044272973-20] DEBUG c.e.b.c.s.ProjectsDtoServiceRest - countOfDevelopers()
18:55:13 [qtp2044272973-15] DEBUG c.e.b.c.w.ProjectsController - gotoAddProjectPage({})
18:55:23 [qtp2044272973-20] DEBUG c.e.b.c.w.ProjectsController - addProjectProject{projectId=null, description='sdfghjk', dateAdded=2020-05-06}, org.springframework.validation.BeanPropertyBindingResult: 0 errors)
18:55:23 [qtp2044272973-20] DEBUG c.e.b.c.s.ProjectsServiceRest - create(Project{projectId=null, description='sdfghjk', dateAdded=2020-05-06})
18:55:25 [qtp2044272973-15] DEBUG c.e.b.c.w.ProjectsController - Find all projects
18:55:25 [qtp2044272973-15] DEBUG c.e.b.c.s.ProjectsDtoServiceRest - countOfDevelopers()
18:55:28 [qtp2044272973-20] DEBUG c.e.b.c.w.ProjectsController - CONTROLLER - gotoEditProjectsPage(4,{})
18:55:28 [qtp2044272973-20] DEBUG c.e.b.c.s.ProjectsServiceRest - findById(4)
18:55:29 [qtp2044272973-20] DEBUG c.e.b.c.s.Projects_DevelopersServiceRest - selectDevelopersFromProjects_Developers(4) 
18:55:29 [qtp2044272973-20] DEBUG c.e.b.c.s.DevelopersServiceRest - findAll()
18:55:33 [qtp2044272973-15] DEBUG c.e.b.c.s.Projects_DevelopersServiceRest - ______findByIdFromProjects_Developers(4, 1)
18:55:33 [qtp2044272973-15] DEBUG c.e.b.c.s.Projects_DevelopersServiceRest - SERVICE REST*******addDeveloperToProjects_Developers(4, 1)
18:55:33 [qtp2044272973-15] DEBUG c.e.b.c.w.ProjectsController - Developer with developerId = 1 added to projects_developers
18:55:33 [qtp2044272973-15] DEBUG c.e.b.c.w.ProjectsController - CONTROLLER - gotoEditProjectsPage(4,{})
18:55:33 [qtp2044272973-15] DEBUG c.e.b.c.s.ProjectsServiceRest - findById(4)
18:55:33 [qtp2044272973-15] DEBUG c.e.b.c.s.Projects_DevelopersServiceRest - selectDevelopersFromProjects_Developers(4) 
18:55:33 [qtp2044272973-15] DEBUG c.e.b.c.s.DevelopersServiceRest - findAll()
18:55:41 [qtp2044272973-20] DEBUG c.e.b.c.s.Projects_DevelopersServiceRest - ______findByIdFromProjects_Developers(4, 5)
18:55:41 [qtp2044272973-20] DEBUG c.e.b.c.s.Projects_DevelopersServiceRest - SERVICE REST*******addDeveloperToProjects_Developers(4, 5)
18:55:41 [qtp2044272973-20] DEBUG c.e.b.c.w.ProjectsController - Developer with developerId = 5 added to projects_developers
18:55:41 [qtp2044272973-20] DEBUG c.e.b.c.w.ProjectsController - CONTROLLER - gotoEditProjectsPage(4,{})
18:55:41 [qtp2044272973-20] DEBUG c.e.b.c.s.ProjectsServiceRest - findById(4)
18:55:41 [qtp2044272973-20] DEBUG c.e.b.c.s.Projects_DevelopersServiceRest - selectDevelopersFromProjects_Developers(4) 
18:55:41 [qtp2044272973-20] DEBUG c.e.b.c.s.DevelopersServiceRest - findAll()
18:55:45 [qtp2044272973-15] DEBUG c.e.b.c.w.ProjectsController - updateProject(Project{projectId=4, description='sdfghjk', dateAdded=2020-05-06}, org.springframework.validation.BeanPropertyBindingResult: 0 errors)
18:55:45 [qtp2044272973-15] DEBUG c.e.b.c.s.ProjectsServiceRest - update(Project{projectId=4, description='sdfghjk', dateAdded=2020-05-06})
18:55:45 [qtp2044272973-20] DEBUG c.e.b.c.w.ProjectsController - Find all projects
18:55:45 [qtp2044272973-20] DEBUG c.e.b.c.s.ProjectsDtoServiceRest - countOfDevelopers()
