09:37:24 [main] DEBUG c.e.b.c.s.ProjectsServiceImpl - Create project - create(): project = Project{projectId=null, description='gLQSPxIDdKPGCrpKzhtjgKRqEvPDsycxsidRhzXLVykDsaMOiLKvrgRmNxxZUyrmcxOAihQVjyJNurDVREKtBzKGIXpQTfBOgdir', dateAdded=2020-04-30}
09:37:24 [main] DEBUG c.e.b.c.d.ProjectJdbcDaoImpl - Create new project Project{projectId=null, description='gLQSPxIDdKPGCrpKzhtjgKRqEvPDsycxsidRhzXLVykDsaMOiLKvrgRmNxxZUyrmcxOAihQVjyJNurDVREKtBzKGIXpQTfBOgdir', dateAdded=2020-04-30}
09:37:24 [main] DEBUG c.e.b.c.d.ProjectJdbcDaoImpl - Date 2020-04-30
09:37:24 [main] DEBUG c.e.b.c.s.ProjectsServiceImpl - Find by id - findById() projectId = 4
09:37:24 [main] DEBUG c.e.b.c.d.ProjectJdbcDaoImpl - List of projects - size=:  1 
09:37:24 [main] DEBUG c.e.b.c.s.ProjectsServiceImpl - Create project - create(): project = Project{projectId=null, description='UUTDxsGDjkzBOcMhUuxIXfYCznhziUliWGUflFoWpgijrkauaaSptvSreXaVFjtDIMPZmiLOoNNYvIPLlqePNzReXczBzgrsOSOh', dateAdded=2020-04-30}
09:37:24 [main] DEBUG c.e.b.c.d.ProjectJdbcDaoImpl - Create new project Project{projectId=null, description='UUTDxsGDjkzBOcMhUuxIXfYCznhziUliWGUflFoWpgijrkauaaSptvSreXaVFjtDIMPZmiLOoNNYvIPLlqePNzReXczBzgrsOSOh', dateAdded=2020-04-30}
09:37:24 [main] DEBUG c.e.b.c.d.ProjectJdbcDaoImpl - Date 2020-04-30
09:37:24 [main] DEBUG c.e.b.c.s.ProjectsServiceImpl - Find by id - findById() projectId = 5
09:37:24 [main] DEBUG c.e.b.c.d.ProjectJdbcDaoImpl - List of projects - size=:  1 
09:37:24 [main] DEBUG c.e.b.c.s.ProjectsServiceImpl - Create project - create(): project = Project{projectId=null, description='lKdaZAruQQUHVjFeXyFQrraRKgtYKTTTOySlksRyixRnjYyBrrQXIqzKYrpgfZKGkaLkWNfedwfifqZJVtwMzYCXYYPlYxJQjHzQ', dateAdded=2020-04-30}
09:37:24 [main] DEBUG c.e.b.c.d.ProjectJdbcDaoImpl - Create new project Project{projectId=null, description='lKdaZAruQQUHVjFeXyFQrraRKgtYKTTTOySlksRyixRnjYyBrrQXIqzKYrpgfZKGkaLkWNfedwfifqZJVtwMzYCXYYPlYxJQjHzQ', dateAdded=2020-04-30}
09:37:24 [main] DEBUG c.e.b.c.d.ProjectJdbcDaoImpl - Date 2020-04-30
09:37:24 [main] DEBUG c.e.b.c.s.ProjectsServiceImpl - Delete project - delete() projectId = 6
09:37:24 [main] DEBUG c.e.b.c.d.ProjectJdbcDaoImpl - Delete project by id 6
09:37:24 [main] DEBUG c.e.b.c.s.ProjectsServiceImpl - Find by id - findById() projectId = 6
09:37:24 [main] DEBUG c.e.b.c.d.ProjectJdbcDaoImpl - List of projects - size=:  0 
09:37:24 [main] DEBUG c.e.b.c.s.ProjectsServiceImpl - Create project - create(): project = Project{projectId=null, description='TextBeforeUpdate', dateAdded=2020-04-30}
09:37:24 [main] DEBUG c.e.b.c.d.ProjectJdbcDaoImpl - Create new project Project{projectId=null, description='TextBeforeUpdate', dateAdded=2020-04-30}
09:37:24 [main] DEBUG c.e.b.c.d.ProjectJdbcDaoImpl - Date 2020-04-30
09:37:24 [main] DEBUG c.e.b.c.s.ProjectsServiceImpl - Find by id - findById() projectId = 7
09:37:24 [main] DEBUG c.e.b.c.d.ProjectJdbcDaoImpl - List of projects - size=:  1 
09:37:24 [main] DEBUG c.e.b.c.s.ProjectsServiceImpl - Update project - update(): project = Project{projectId=7, description='TextAfterUpdate', dateAdded=2020-04-30}
09:37:24 [main] DEBUG c.e.b.c.d.ProjectJdbcDaoImpl - Date = :      2020-04-30
09:37:24 [main] DEBUG c.e.b.c.s.ProjectsServiceImpl - Find by id - findById() projectId = 7
09:37:24 [main] DEBUG c.e.b.c.d.ProjectJdbcDaoImpl - List of projects - size=:  1 
09:37:24 [main] DEBUG c.e.b.c.s.ProjectsServiceImpl - Find all projects - findAll()
09:37:24 [main] DEBUG c.e.b.c.d.ProjectJdbcDaoImpl - fidAll()
09:37:24 [main] DEBUG c.e.b.c.s.DevelopersServiceImpl - create() developer = Developers{developerId=null, firstName='JpepQTLcifbgStjiKalv', lastName='llMZstDRoHArAaGwrcMA'}
09:37:24 [main] DEBUG c.e.b.c.d.DevelopersJdbcDaoImpl - Create developer = Developers{developerId=null, firstName='JpepQTLcifbgStjiKalv', lastName='llMZstDRoHArAaGwrcMA'} 
09:37:24 [main] DEBUG c.e.b.c.d.DevelopersJdbcDaoImpl - Res = 1 
09:37:24 [main] DEBUG c.e.b.c.s.DevelopersServiceImpl - findById developerId = 9
09:37:24 [main] DEBUG c.e.b.c.d.DevelopersJdbcDaoImpl - FindById developerId = 9
09:37:24 [main] DEBUG c.e.b.c.s.DevelopersServiceImpl - create() developer = Developers{developerId=null, firstName='deHJHCYEBFrbhYmAeOJJ', lastName='eaSLSQENQjmgTkjAWekl'}
09:37:24 [main] DEBUG c.e.b.c.d.DevelopersJdbcDaoImpl - Create developer = Developers{developerId=null, firstName='deHJHCYEBFrbhYmAeOJJ', lastName='eaSLSQENQjmgTkjAWekl'} 
09:37:24 [main] DEBUG c.e.b.c.d.DevelopersJdbcDaoImpl - Res = 1 
09:37:24 [main] DEBUG c.e.b.c.s.DevelopersServiceImpl - findById developerId = 10
09:37:24 [main] DEBUG c.e.b.c.d.DevelopersJdbcDaoImpl - FindById developerId = 10
09:37:24 [main] DEBUG c.e.b.c.s.DevelopersServiceImpl - create() developer = Developers{developerId=null, firstName='jkjUHSvTrvXTubqmFDdi', lastName='RqXvbTxVVutwWDPjSxjM'}
09:37:24 [main] DEBUG c.e.b.c.d.DevelopersJdbcDaoImpl - Create developer = Developers{developerId=null, firstName='jkjUHSvTrvXTubqmFDdi', lastName='RqXvbTxVVutwWDPjSxjM'} 
09:37:24 [main] DEBUG c.e.b.c.d.DevelopersJdbcDaoImpl - Res = 1 
09:37:24 [main] DEBUG c.e.b.c.s.DevelopersServiceImpl - delete() developerId = 11
09:37:24 [main] DEBUG c.e.b.c.d.DevelopersJdbcDaoImpl - Delete developerId = 11
09:37:24 [main] DEBUG c.e.b.c.s.DevelopersServiceImpl - findById developerId = 11
09:37:24 [main] DEBUG c.e.b.c.d.DevelopersJdbcDaoImpl - FindById developerId = 11
09:37:24 [main] DEBUG c.e.b.c.s.DevelopersServiceImpl - create() developer = Developers{developerId=null, firstName='rznLHDruLDQwHFlgylzA', lastName='ScSxFJnZtMFsoxGqreiX'}
09:37:24 [main] DEBUG c.e.b.c.d.DevelopersJdbcDaoImpl - Create developer = Developers{developerId=null, firstName='rznLHDruLDQwHFlgylzA', lastName='ScSxFJnZtMFsoxGqreiX'} 
09:37:24 [main] DEBUG c.e.b.c.d.DevelopersJdbcDaoImpl - Res = 1 
09:37:24 [main] DEBUG c.e.b.c.s.DevelopersServiceImpl - findById developerId = 12
09:37:24 [main] DEBUG c.e.b.c.d.DevelopersJdbcDaoImpl - FindById developerId = 12
09:37:24 [main] DEBUG c.e.b.c.s.DevelopersServiceImpl - update() developer = Developers{developerId=12, firstName='JrsYWuPTkBmxfnDIlWeo', lastName='MHopsSRPlzBtqfXFNTGG'}
09:37:24 [main] DEBUG c.e.b.c.d.DevelopersJdbcDaoImpl - Update developer = Developers{developerId=12, firstName='JrsYWuPTkBmxfnDIlWeo', lastName='MHopsSRPlzBtqfXFNTGG'}
09:37:24 [main] DEBUG c.e.b.c.d.DevelopersJdbcDaoImpl - Result = 1
09:37:24 [main] DEBUG c.e.b.c.s.DevelopersServiceImpl - findById developerId = 12
09:37:24 [main] DEBUG c.e.b.c.d.DevelopersJdbcDaoImpl - FindById developerId = 12
09:37:24 [main] DEBUG c.e.b.c.s.DevelopersServiceImpl - findAll()
09:37:24 [main] DEBUG c.e.b.c.d.DevelopersJdbcDaoImpl - FindAll
09:37:25 [main] DEBUG c.e.b.c.s.ProjectsServiceImpl - Create project - create(): project = Project{projectId=null, description='ZrsAoNnJkmKJbhUXhQBzhWPnBbRGUDPKkbccvIIduMrjyeWBoQZPliiUNdvPiTGzQhkCHKTAGIqfvxKAjvktcbaCKWmBShnFuuHE', dateAdded=2020-04-30}
09:37:25 [main] DEBUG c.e.b.c.d.ProjectJdbcDaoImpl - Create new project Project{projectId=null, description='ZrsAoNnJkmKJbhUXhQBzhWPnBbRGUDPKkbccvIIduMrjyeWBoQZPliiUNdvPiTGzQhkCHKTAGIqfvxKAjvktcbaCKWmBShnFuuHE', dateAdded=2020-04-30}
09:37:25 [main] DEBUG c.e.b.c.d.ProjectJdbcDaoImpl - Date 2020-04-30
09:37:25 [main] DEBUG c.e.b.c.s.ProjectsServiceImpl - Create project - create(): project = Project{projectId=null, description='jfpDgRSTiEbseOtvbshzexUZCBMdoqHVhYErdzxXhyPbPprBrGuGmTEDHyQTJTYkVDjQrNAgRgTnEHezdjysYryDcfLEeNvjPmLv', dateAdded=2020-04-30}
09:37:25 [main] DEBUG c.e.b.c.d.ProjectJdbcDaoImpl - Create new project Project{projectId=null, description='jfpDgRSTiEbseOtvbshzexUZCBMdoqHVhYErdzxXhyPbPprBrGuGmTEDHyQTJTYkVDjQrNAgRgTnEHezdjysYryDcfLEeNvjPmLv', dateAdded=2020-04-30}
09:37:25 [main] DEBUG c.e.b.c.d.ProjectJdbcDaoImpl - Date 2020-04-30
09:37:25 [main] DEBUG c.e.b.c.s.ProjectsDtoServiceImpl - Find project between dates - findBetweenDates
09:37:25 [main] DEBUG c.e.b.c.d.ProjectJdbcDaoDtoImpl - findBetweenDates. DateStart = 2020-04-30 DateEnd = 2020-04-30
09:37:25 [main] DEBUG c.e.b.c.s.ProjectsDtoServiceImpl - Count of developers - countOfDevelopers()
09:37:25 [main] DEBUG c.e.b.c.d.ProjectJdbcDaoDtoImpl - CountOfDevelopers()
09:37:25 [main] DEBUG c.e.b.c.s.DevelopersServiceImpl - create() developer = Developers{developerId=null, firstName='xceNZpczvhhnupjCTnqf', lastName='IagWDUGGwlpHRpsltcdu'}
09:37:25 [main] DEBUG c.e.b.c.d.DevelopersJdbcDaoImpl - Create developer = Developers{developerId=null, firstName='xceNZpczvhhnupjCTnqf', lastName='IagWDUGGwlpHRpsltcdu'} 
09:37:25 [main] DEBUG c.e.b.c.d.DevelopersJdbcDaoImpl - Res = 1 
09:37:25 [main] DEBUG c.e.b.c.s.DevelopersServiceImpl - create() developer = Developers{developerId=null, firstName='xceNZpczvhhnupjCTnqf', lastName='IagWDUGGwlpHRpsltcdu'}
09:37:25 [main] DEBUG c.e.b.c.d.DevelopersJdbcDaoImpl - Create developer = Developers{developerId=null, firstName='xceNZpczvhhnupjCTnqf', lastName='IagWDUGGwlpHRpsltcdu'} 
09:37:25 [main] DEBUG c.e.b.c.d.DevelopersJdbcDaoImpl - Res = 1 
09:37:25 [main] DEBUG c.e.b.c.s.ProjectsServiceImpl - Create project - create(): project = Project{projectId=null, description='OaTjULMKtnOnoqpgewOpiCjPASJJkDPEBqjXbwaTcgbixkJkpazcQrVyuhHlblPzADEafyyYfMvlZwBVyRhTqhnSgTBRjGruOcTg', dateAdded=2020-04-30}
09:37:25 [main] DEBUG c.e.b.c.d.ProjectJdbcDaoImpl - Create new project Project{projectId=null, description='OaTjULMKtnOnoqpgewOpiCjPASJJkDPEBqjXbwaTcgbixkJkpazcQrVyuhHlblPzADEafyyYfMvlZwBVyRhTqhnSgTBRjGruOcTg', dateAdded=2020-04-30}
09:37:25 [main] DEBUG c.e.b.c.d.ProjectJdbcDaoImpl - Date 2020-04-30
09:37:25 [main] DEBUG c.e.b.c.s.Projects_DevelopersServiceImpl - SERVICE addDeveloperToProjects_Developers(). Project id = 10, Developer id = 13
09:37:25 [main] DEBUG c.e.b.c.d.Projects_DevelopersJdbcDaoImpl - DAO addDeveloperToProjects_Developers() Project id = 10. Developer id = 13
09:37:25 [main] DEBUG c.e.b.c.s.Projects_DevelopersServiceImpl - SERVICE addDeveloperToProjects_Developers(). Project id = 10, Developer id = 14
09:37:25 [main] DEBUG c.e.b.c.d.Projects_DevelopersJdbcDaoImpl - DAO addDeveloperToProjects_Developers() Project id = 10. Developer id = 14
09:37:25 [main] DEBUG c.e.b.c.s.Projects_DevelopersServiceImpl - SERVICE selectDevelopersFromProjects_Developers(). Project id = 10
09:37:25 [main] DEBUG c.e.b.c.d.Projects_DevelopersJdbcDaoImpl - DAO SelectDeveloperFromProjects_Developers(). Project id = 10
09:37:25 [main] DEBUG c.e.b.c.s.Projects_DevelopersServiceImpl - Developer's list size = 2
09:37:25 [main] DEBUG c.e.b.c.s.DevelopersServiceImpl - create() developer = Developers{developerId=null, firstName='IhLpmxmCPfFFVYgUyvqH', lastName='wpFhQSDBrIVvRCaYFRDc'}
09:37:25 [main] DEBUG c.e.b.c.d.DevelopersJdbcDaoImpl - Create developer = Developers{developerId=null, firstName='IhLpmxmCPfFFVYgUyvqH', lastName='wpFhQSDBrIVvRCaYFRDc'} 
09:37:25 [main] DEBUG c.e.b.c.d.DevelopersJdbcDaoImpl - Res = 1 
09:37:25 [main] DEBUG c.e.b.c.s.ProjectsServiceImpl - Create project - create(): project = Project{projectId=null, description='XUwCXePiRnOmqmSTjOpaEesrbEVZlgKPQgofQTOnySpOOzusKcamlzfnGtnszJhOqDRllduMpONoXSmRfaJzxyIHkVQqvBvnEUms', dateAdded=2020-04-30}
09:37:25 [main] DEBUG c.e.b.c.d.ProjectJdbcDaoImpl - Create new project Project{projectId=null, description='XUwCXePiRnOmqmSTjOpaEesrbEVZlgKPQgofQTOnySpOOzusKcamlzfnGtnszJhOqDRllduMpONoXSmRfaJzxyIHkVQqvBvnEUms', dateAdded=2020-04-30}
09:37:25 [main] DEBUG c.e.b.c.d.ProjectJdbcDaoImpl - Date 2020-04-30
09:37:25 [main] DEBUG c.e.b.c.s.Projects_DevelopersServiceImpl - SERVICE addDeveloperToProjects_Developers(). Project id = 11, Developer id = 15
09:37:25 [main] DEBUG c.e.b.c.d.Projects_DevelopersJdbcDaoImpl - DAO addDeveloperToProjects_Developers() Project id = 11. Developer id = 15
09:37:25 [main] DEBUG c.e.b.c.s.Projects_DevelopersServiceImpl - SERVICE selectDevelopersFromProjects_Developers(). Project id = 11
09:37:25 [main] DEBUG c.e.b.c.d.Projects_DevelopersJdbcDaoImpl - DAO SelectDeveloperFromProjects_Developers(). Project id = 11
09:37:25 [main] DEBUG c.e.b.c.s.Projects_DevelopersServiceImpl - Developer's list size = 1
09:37:25 [main] DEBUG c.e.b.c.s.Projects_DevelopersServiceImpl - SERVICE deleteDeveloperFromProject_Developers(). Developer id = 15
09:37:25 [main] DEBUG c.e.b.c.d.Projects_DevelopersJdbcDaoImpl - DAO deleteDeveloperFromProject_Developers(). Developer id = 15, Project id = 11
09:37:25 [main] DEBUG c.e.b.c.s.Projects_DevelopersServiceImpl - SERVICE selectDevelopersFromProjects_Developers(). Project id = 11
09:37:25 [main] DEBUG c.e.b.c.d.Projects_DevelopersJdbcDaoImpl - DAO SelectDeveloperFromProjects_Developers(). Project id = 11
09:37:25 [main] DEBUG c.e.b.c.s.Projects_DevelopersServiceImpl - Developer's list size = 0
09:37:25 [main] DEBUG c.e.b.c.s.DevelopersServiceImpl - create() developer = Developers{developerId=null, firstName='nGjFOfPWeXVpwOUljJcz', lastName='MHHnXfIYfSBGfFvNoEXL'}
09:37:25 [main] DEBUG c.e.b.c.d.DevelopersJdbcDaoImpl - Create developer = Developers{developerId=null, firstName='nGjFOfPWeXVpwOUljJcz', lastName='MHHnXfIYfSBGfFvNoEXL'} 
09:37:25 [main] DEBUG c.e.b.c.d.DevelopersJdbcDaoImpl - Res = 1 
09:37:25 [main] DEBUG c.e.b.c.s.ProjectsServiceImpl - Create project - create(): project = Project{projectId=null, description='tLrDjvAfggQEYTtjUERLSnSnWGSJWzOlThHKVVKcyUcnBCCwJHeEhixesPzxrEgGqPAWENPtpNpcSpyGRxiVaqwWIFfOhuhMHOyB', dateAdded=2020-04-30}
09:37:25 [main] DEBUG c.e.b.c.d.ProjectJdbcDaoImpl - Create new project Project{projectId=null, description='tLrDjvAfggQEYTtjUERLSnSnWGSJWzOlThHKVVKcyUcnBCCwJHeEhixesPzxrEgGqPAWENPtpNpcSpyGRxiVaqwWIFfOhuhMHOyB', dateAdded=2020-04-30}
09:37:25 [main] DEBUG c.e.b.c.d.ProjectJdbcDaoImpl - Date 2020-04-30
09:37:25 [main] DEBUG c.e.b.c.s.Projects_DevelopersServiceImpl - SERVICE addDeveloperToProjects_Developers(). Project id = 12, Developer id = 16
09:37:25 [main] DEBUG c.e.b.c.d.Projects_DevelopersJdbcDaoImpl - DAO addDeveloperToProjects_Developers() Project id = 12. Developer id = 16
09:37:25 [main] DEBUG c.e.b.c.s.Projects_DevelopersServiceImpl - SERVICE selectDevelopersFromProjects_Developers(). Project id = 12
09:37:25 [main] DEBUG c.e.b.c.d.Projects_DevelopersJdbcDaoImpl - DAO SelectDeveloperFromProjects_Developers(). Project id = 12
09:37:25 [main] DEBUG c.e.b.c.s.Projects_DevelopersServiceImpl - Developer's list size = 1
